d:\studia\meil_mgr\lbm\mojelb\lb\release\vc140.pdb
e:\lbm\mojelb\lb\release\vc140.pdb
e:\lbm\mojelb\lb\release\writer.obj
e:\lbm\mojelb\lb\release\wall.obj
e:\lbm\mojelb\lb\release\node.obj
e:\lbm\mojelb\lb\release\movingwall.obj
e:\lbm\mojelb\lb\release\d2q9constants.obj
e:\lbm\mojelb\lb\release\main.obj
e:\lbm\mojelb\lb\release\solver.obj
e:\lbm\mojelb\lb\release\velocityinlet.obj
e:\lbm\mojelb\lb\release\pressureoutlet.obj
e:\lbm\mojelb\release\lb.exe
e:\lbm\mojelb\release\lb.ipdb
e:\lbm\mojelb\release\lb.iobj
e:\lbm\mojelb\release\lb.pdb
e:\lbm\mojelb\lb\release\lb.tlog\cl.command.1.tlog
e:\lbm\mojelb\lb\release\lb.tlog\cl.read.1.tlog
e:\lbm\mojelb\lb\release\lb.tlog\cl.write.1.tlog
e:\lbm\mojelb\lb\release\lb.tlog\link.command.1.tlog
e:\lbm\mojelb\lb\release\lb.tlog\link.read.1.tlog
e:\lbm\mojelb\lb\release\lb.tlog\link.write.1.tlog
